<?xml version="1.0" encoding="UTF-8"?>
<testng-results ignored="0" total="2" passed="2" failed="0" skipped="0">
  <reporter-output>
  </reporter-output>
  <suite started-at="2021-02-03T11:09:00 BDT" name="EOD" finished-at="2021-02-03T11:09:41 BDT" duration-ms="41018">
    <groups>
    </groups>
    <test started-at="2021-02-03T11:09:00 BDT" name="LoginModuleTest" finished-at="2021-02-03T11:09:12 BDT" duration-ms="11655">
      <class name="com.nanosoft.EOD.Test.LoginTest">
        <test-method signature="logintest()[pri:0, instance:com.nanosoft.EOD.Test.LoginTest@55740540]" started-at="2021-02-03T11:09:00 BDT" name="logintest" finished-at="2021-02-03T11:09:12 BDT" duration-ms="11597" status="PASS">
          <reporter-output>
          </reporter-output>
        </test-method> <!-- logintest -->
      </class> <!-- com.nanosoft.EOD.Test.LoginTest -->
    </test> <!-- LoginModuleTest -->
    <test started-at="2021-02-03T11:09:12 BDT" name="PIOFloodFormTest" finished-at="2021-02-03T11:09:41 BDT" duration-ms="29224">
      <class name="com.nanosoft.EOD.Test.PIOFloodFormTest">
        <test-method signature="FloodFormList()[pri:0, instance:com.nanosoft.EOD.Test.PIOFloodFormTest@61d6015a]" started-at="2021-02-03T11:09:12 BDT" name="FloodFormList" finished-at="2021-02-03T11:09:41 BDT" duration-ms="29213" status="PASS">
          <reporter-output>
          </reporter-output>
        </test-method> <!-- FloodFormList -->
      </class> <!-- com.nanosoft.EOD.Test.PIOFloodFormTest -->
    </test> <!-- PIOFloodFormTest -->
  </suite> <!-- EOD -->
</testng-results>
